<?xml version="1.0" encoding="UTF-8"?>
<testng-results skipped="0" failed="0" ignored="0" total="1" passed="1">
  <reporter-output>
  </reporter-output>
  <suite name="Default suite" duration-ms="45807" started-at="2019-01-21T11:55:03Z" finished-at="2019-01-21T11:55:49Z">
    <groups>
    </groups>
    <test name="Default test" duration-ms="45807" started-at="2019-01-21T11:55:03Z" finished-at="2019-01-21T11:55:49Z">
      <class name="Com.Excute.TestNg">
        <test-method status="PASS" signature="launch_browser()[pri:0, instance:Com.Excute.TestNg@4d41cee]" name="launch_browser" is-config="true" duration-ms="11484" started-at="2019-01-21T11:55:03Z" finished-at="2019-01-21T11:55:15Z">
          <reporter-output>
          </reporter-output>
        </test-method> <!-- launch_browser -->
        <test-method status="PASS" signature="homeScreenTest()[pri:0, instance:Com.Excute.TestNg@4d41cee]" name="homeScreenTest" duration-ms="33254" started-at="2019-01-21T11:55:15Z" finished-at="2019-01-21T11:55:48Z">
          <reporter-output>
          </reporter-output>
        </test-method> <!-- homeScreenTest -->
        <test-method status="PASS" signature="tearDown()[pri:0, instance:Com.Excute.TestNg@4d41cee]" name="tearDown" is-config="true" duration-ms="1019" started-at="2019-01-21T11:55:48Z" finished-at="2019-01-21T11:55:49Z">
          <reporter-output>
          </reporter-output>
        </test-method> <!-- tearDown -->
      </class> <!-- Com.Excute.TestNg -->
    </test> <!-- Default test -->
  </suite> <!-- Default suite -->
</testng-results>
